<?xml version="1.0" encoding="UTF-8"?>
<!-- Generated by org.testng.reporters.JUnitXMLReporter -->
<testsuite ignored="1" hostname="MyLenevo1208" failures="0" tests="2" name="OrangeHRMTest1" time="21.602" errors="0" timestamp="2025-10-03T20:23:57 IST">
  <testcase classname="com.orangehrm.test.DummyTest" name="dummyTest" time="0.422"/>
  <testcase classname="com.orangehrm.test.DummyTest2" name="dummyTest2" time="0.417"/>
  <testcase classname="com.orangehrm.base.BaseClass" name="@BeforeSuite loadConfig" time="0.0">
    <ignored/>
  </testcase> <!-- @BeforeSuite loadConfig -->
</testsuite> <!-- OrangeHRMTest1 -->
