<?xml version="1.0" encoding="UTF-8"?>
<!-- Generated by org.testng.reporters.JUnitXMLReporter -->
<testsuite ignored="3" hostname="MyLenevo1208" failures="0" tests="5" name="OrangeHRMTest" time="24.597" errors="0" timestamp="2025-11-16T18:54:03 IST">
  <testcase classname="com.orangehrm.test.DummyTest" name="dummyTest" time="0.417"/>
  <testcase classname="com.orangehrm.test.DummyTest2" name="dummyTest2" time="0.43"/>
  <testcase classname="com.orangehrm.test.HomePageTest" name="verifyOrangeHRMLogo" time="2.126"/>
  <testcase classname="com.orangehrm.test.LoginPageTest" name="verifyValidLogin" time="5.379"/>
  <testcase classname="com.orangehrm.test.LoginPageTest" name="verifyInvalidLogin" time="1.823"/>
  <testcase classname="com.orangehrm.base.BaseClass" name="@BeforeSuite loadConfig" time="0.0">
    <ignored/>
  </testcase> <!-- @BeforeSuite loadConfig -->
  <testcase classname="com.orangehrm.base.BaseClass" name="@BeforeSuite loadConfig" time="0.0">
    <ignored/>
  </testcase> <!-- @BeforeSuite loadConfig -->
  <testcase classname="com.orangehrm.base.BaseClass" name="@BeforeSuite loadConfig" time="0.0">
    <ignored/>
  </testcase> <!-- @BeforeSuite loadConfig -->
</testsuite> <!-- OrangeHRMTest -->
