<?xml version="1.0" encoding="UTF-8"?>
<testng-results ignored="2" total="6" passed="4" failed="0" skipped="0">
  <reporter-output>
  </reporter-output>
  <suite started-at="2025-10-03T20:23:15 IST" name="OrangeHRMSuite" finished-at="2025-10-03T20:23:57 IST" duration-ms="42640">
    <groups>
    </groups>
    <test started-at="2025-10-03T20:23:15 IST" name="OrangeHRMTest" finished-at="2025-10-03T20:23:36 IST" duration-ms="20992">
      <class name="com.orangehrm.test.DummyTest">
        <test-method is-config="true" signature="setup()[pri:0, instance:com.orangehrm.test.DummyTest@74e52303]" started-at="2025-10-03T20:23:15 IST" name="setup" finished-at="2025-10-03T20:23:23 IST" duration-ms="8218" status="PASS">
          <reporter-output>
          </reporter-output>
        </test-method> <!-- setup -->
        <test-method signature="dummyTest()[pri:0, instance:com.orangehrm.test.DummyTest@74e52303]" started-at="2025-10-03T20:23:23 IST" name="dummyTest" finished-at="2025-10-03T20:23:23 IST" duration-ms="447" status="PASS">
          <reporter-output>
          </reporter-output>
        </test-method> <!-- dummyTest -->
        <test-method is-config="true" signature="tearDown()[pri:0, instance:com.orangehrm.test.DummyTest@74e52303]" started-at="2025-10-03T20:23:23 IST" name="tearDown" finished-at="2025-10-03T20:23:23 IST" duration-ms="232" status="PASS">
          <reporter-output>
          </reporter-output>
        </test-method> <!-- tearDown -->
      </class> <!-- com.orangehrm.test.DummyTest -->
      <class name="com.orangehrm.test.DummyTest2">
        <test-method is-config="true" signature="setup()[pri:0, instance:com.orangehrm.test.DummyTest2@2e005c4b]" started-at="2025-10-03T20:23:23 IST" name="setup" finished-at="2025-10-03T20:23:35 IST" duration-ms="11430" status="PASS">
          <reporter-output>
          </reporter-output>
        </test-method> <!-- setup -->
        <test-method signature="dummyTest2()[pri:0, instance:com.orangehrm.test.DummyTest2@2e005c4b]" started-at="2025-10-03T20:23:35 IST" name="dummyTest2" finished-at="2025-10-03T20:23:35 IST" duration-ms="433" status="PASS">
          <reporter-output>
          </reporter-output>
        </test-method> <!-- dummyTest2 -->
        <test-method is-config="true" signature="tearDown()[pri:0, instance:com.orangehrm.test.DummyTest2@2e005c4b]" started-at="2025-10-03T20:23:35 IST" name="tearDown" finished-at="2025-10-03T20:23:36 IST" duration-ms="190" status="PASS">
          <reporter-output>
          </reporter-output>
        </test-method> <!-- tearDown -->
      </class> <!-- com.orangehrm.test.DummyTest2 -->
    </test> <!-- OrangeHRMTest -->
    <test started-at="2025-10-03T20:23:36 IST" name="OrangeHRMTest1" finished-at="2025-10-03T20:23:57 IST" duration-ms="21602">
      <class name="com.orangehrm.test.DummyTest">
        <test-method is-config="true" signature="loadConfig()[pri:0, instance:com.orangehrm.test.DummyTest@158d2680]" started-at="2025-10-03T20:23:15 IST" name="loadConfig" finished-at="2025-10-03T20:23:15 IST" duration-ms="6" status="PASS">
          <reporter-output>
          </reporter-output>
        </test-method> <!-- loadConfig -->
        <test-method is-config="true" signature="setup()[pri:0, instance:com.orangehrm.test.DummyTest@158d2680]" started-at="2025-10-03T20:23:36 IST" name="setup" finished-at="2025-10-03T20:23:45 IST" duration-ms="9314" status="PASS">
          <reporter-output>
          </reporter-output>
        </test-method> <!-- setup -->
        <test-method signature="dummyTest()[pri:0, instance:com.orangehrm.test.DummyTest@158d2680]" started-at="2025-10-03T20:23:45 IST" name="dummyTest" finished-at="2025-10-03T20:23:45 IST" duration-ms="422" status="PASS">
          <reporter-output>
          </reporter-output>
        </test-method> <!-- dummyTest -->
        <test-method is-config="true" signature="tearDown()[pri:0, instance:com.orangehrm.test.DummyTest@158d2680]" started-at="2025-10-03T20:23:45 IST" name="tearDown" finished-at="2025-10-03T20:23:45 IST" duration-ms="197" status="PASS">
          <reporter-output>
          </reporter-output>
        </test-method> <!-- tearDown -->
      </class> <!-- com.orangehrm.test.DummyTest -->
      <class name="com.orangehrm.test.DummyTest2">
        <test-method is-config="true" signature="setup()[pri:0, instance:com.orangehrm.test.DummyTest2@77847718]" started-at="2025-10-03T20:23:45 IST" name="setup" finished-at="2025-10-03T20:23:57 IST" duration-ms="11043" status="PASS">
          <reporter-output>
          </reporter-output>
        </test-method> <!-- setup -->
        <test-method signature="dummyTest2()[pri:0, instance:com.orangehrm.test.DummyTest2@77847718]" started-at="2025-10-03T20:23:57 IST" name="dummyTest2" finished-at="2025-10-03T20:23:57 IST" duration-ms="417" status="PASS">
          <reporter-output>
          </reporter-output>
        </test-method> <!-- dummyTest2 -->
        <test-method is-config="true" signature="tearDown()[pri:0, instance:com.orangehrm.test.DummyTest2@77847718]" started-at="2025-10-03T20:23:57 IST" name="tearDown" finished-at="2025-10-03T20:23:57 IST" duration-ms="203" status="PASS">
          <reporter-output>
          </reporter-output>
        </test-method> <!-- tearDown -->
      </class> <!-- com.orangehrm.test.DummyTest2 -->
    </test> <!-- OrangeHRMTest1 -->
  </suite> <!-- OrangeHRMSuite -->
</testng-results>
