<?xml version="1.0" encoding="UTF-8"?>
<testng-results ignored="3" total="8" passed="5" failed="0" skipped="0">
  <reporter-output>
  </reporter-output>
  <suite started-at="2025-11-16T18:53:39 IST" name="OrangeHRMSuite" finished-at="2025-11-16T18:54:03 IST" duration-ms="24597">
    <groups>
    </groups>
    <test started-at="2025-11-16T18:53:39 IST" name="OrangeHRMTest" finished-at="2025-11-16T18:54:03 IST" duration-ms="24597">
      <class name="com.orangehrm.test.HomePageTest">
        <test-method is-config="true" signature="setup()[pri:0, instance:com.orangehrm.test.HomePageTest@35645047]" started-at="2025-11-16T18:53:39 IST" name="setup" finished-at="2025-11-16T18:53:49 IST" duration-ms="10226" status="PASS">
          <reporter-output>
          </reporter-output>
        </test-method> <!-- setup -->
        <test-method signature="verifyOrangeHRMLogo()[pri:1, instance:com.orangehrm.test.HomePageTest@35645047]" started-at="2025-11-16T18:53:49 IST" name="verifyOrangeHRMLogo" finished-at="2025-11-16T18:53:51 IST" duration-ms="2126" status="PASS">
          <reporter-output>
          </reporter-output>
        </test-method> <!-- verifyOrangeHRMLogo -->
        <test-method is-config="true" signature="setupPages()[pri:0, instance:com.orangehrm.test.HomePageTest@35645047]" started-at="2025-11-16T18:53:49 IST" name="setupPages" finished-at="2025-11-16T18:53:49 IST" duration-ms="0" status="PASS">
          <reporter-output>
          </reporter-output>
        </test-method> <!-- setupPages -->
        <test-method is-config="true" signature="tearDown()[pri:0, instance:com.orangehrm.test.HomePageTest@35645047]" started-at="2025-11-16T18:53:51 IST" name="tearDown" finished-at="2025-11-16T18:53:51 IST" duration-ms="195" status="PASS">
          <reporter-output>
          </reporter-output>
        </test-method> <!-- tearDown -->
      </class> <!-- com.orangehrm.test.HomePageTest -->
      <class name="com.orangehrm.test.DummyTest">
        <test-method is-config="true" signature="loadConfig()[pri:0, instance:com.orangehrm.test.DummyTest@95e33cc]" started-at="2025-11-16T18:53:39 IST" name="loadConfig" finished-at="2025-11-16T18:53:39 IST" duration-ms="11" status="PASS">
          <reporter-output>
          </reporter-output>
        </test-method> <!-- loadConfig -->
        <test-method is-config="true" signature="setup()[pri:0, instance:com.orangehrm.test.DummyTest@95e33cc]" started-at="2025-11-16T18:53:39 IST" name="setup" finished-at="2025-11-16T18:53:49 IST" duration-ms="10262" status="PASS">
          <reporter-output>
          </reporter-output>
        </test-method> <!-- setup -->
        <test-method signature="dummyTest()[pri:0, instance:com.orangehrm.test.DummyTest@95e33cc]" started-at="2025-11-16T18:53:49 IST" name="dummyTest" finished-at="2025-11-16T18:53:49 IST" duration-ms="417" status="PASS">
          <reporter-output>
          </reporter-output>
        </test-method> <!-- dummyTest -->
        <test-method is-config="true" signature="tearDown()[pri:0, instance:com.orangehrm.test.DummyTest@95e33cc]" started-at="2025-11-16T18:53:49 IST" name="tearDown" finished-at="2025-11-16T18:53:50 IST" duration-ms="251" status="PASS">
          <reporter-output>
          </reporter-output>
        </test-method> <!-- tearDown -->
      </class> <!-- com.orangehrm.test.DummyTest -->
      <class name="com.orangehrm.test.LoginPageTest">
        <test-method is-config="true" signature="setup()[pri:0, instance:com.orangehrm.test.LoginPageTest@457c9034]" started-at="2025-11-16T18:53:39 IST" name="setup" finished-at="2025-11-16T18:53:50 IST" duration-ms="11162" status="PASS">
          <reporter-output>
          </reporter-output>
        </test-method> <!-- setup -->
        <test-method is-config="true" signature="setupPages()[pri:0, instance:com.orangehrm.test.LoginPageTest@457c9034]" started-at="2025-11-16T18:53:50 IST" name="setupPages" finished-at="2025-11-16T18:53:50 IST" duration-ms="1" status="PASS">
          <reporter-output>
          </reporter-output>
        </test-method> <!-- setupPages -->
        <test-method signature="verifyValidLogin()[pri:1, instance:com.orangehrm.test.LoginPageTest@457c9034]" started-at="2025-11-16T18:53:50 IST" name="verifyValidLogin" finished-at="2025-11-16T18:53:55 IST" duration-ms="5379" status="PASS">
          <reporter-output>
          </reporter-output>
        </test-method> <!-- verifyValidLogin -->
        <test-method is-config="true" signature="tearDown()[pri:0, instance:com.orangehrm.test.LoginPageTest@457c9034]" started-at="2025-11-16T18:53:55 IST" name="tearDown" finished-at="2025-11-16T18:53:56 IST" duration-ms="237" status="PASS">
          <reporter-output>
          </reporter-output>
        </test-method> <!-- tearDown -->
        <test-method is-config="true" signature="setup()[pri:0, instance:com.orangehrm.test.LoginPageTest@457c9034]" started-at="2025-11-16T18:53:56 IST" name="setup" finished-at="2025-11-16T18:54:01 IST" duration-ms="5715" status="PASS">
          <reporter-output>
          </reporter-output>
        </test-method> <!-- setup -->
        <test-method is-config="true" signature="setupPages()[pri:0, instance:com.orangehrm.test.LoginPageTest@457c9034]" started-at="2025-11-16T18:54:01 IST" name="setupPages" finished-at="2025-11-16T18:54:01 IST" duration-ms="0" status="PASS">
          <reporter-output>
          </reporter-output>
        </test-method> <!-- setupPages -->
        <test-method signature="verifyInvalidLogin()[pri:2, instance:com.orangehrm.test.LoginPageTest@457c9034]" started-at="2025-11-16T18:54:01 IST" name="verifyInvalidLogin" finished-at="2025-11-16T18:54:03 IST" duration-ms="1823" status="PASS">
          <reporter-output>
          </reporter-output>
        </test-method> <!-- verifyInvalidLogin -->
        <test-method is-config="true" signature="tearDown()[pri:0, instance:com.orangehrm.test.LoginPageTest@457c9034]" started-at="2025-11-16T18:54:03 IST" name="tearDown" finished-at="2025-11-16T18:54:03 IST" duration-ms="258" status="PASS">
          <reporter-output>
          </reporter-output>
        </test-method> <!-- tearDown -->
      </class> <!-- com.orangehrm.test.LoginPageTest -->
      <class name="com.orangehrm.test.DummyTest2">
        <test-method is-config="true" signature="setup()[pri:0, instance:com.orangehrm.test.DummyTest2@69f1a286]" started-at="2025-11-16T18:53:39 IST" name="setup" finished-at="2025-11-16T18:53:50 IST" duration-ms="11096" status="PASS">
          <reporter-output>
          </reporter-output>
        </test-method> <!-- setup -->
        <test-method signature="dummyTest2()[pri:0, instance:com.orangehrm.test.DummyTest2@69f1a286]" started-at="2025-11-16T18:53:50 IST" name="dummyTest2" finished-at="2025-11-16T18:53:50 IST" duration-ms="430" status="PASS">
          <reporter-output>
          </reporter-output>
        </test-method> <!-- dummyTest2 -->
        <test-method is-config="true" signature="tearDown()[pri:0, instance:com.orangehrm.test.DummyTest2@69f1a286]" started-at="2025-11-16T18:53:50 IST" name="tearDown" finished-at="2025-11-16T18:53:51 IST" duration-ms="219" status="PASS">
          <reporter-output>
          </reporter-output>
        </test-method> <!-- tearDown -->
      </class> <!-- com.orangehrm.test.DummyTest2 -->
    </test> <!-- OrangeHRMTest -->
  </suite> <!-- OrangeHRMSuite -->
</testng-results>
