<?xml version="1.0" encoding="UTF-8"?>
<!-- Generated by org.testng.reporters.JUnitReportReporter -->
<testsuite hostname="MyLenevo1208" failures="0" tests="2" name="com.orangehrm.test.LoginPageTest" time="21.444" errors="0" timestamp="2025-11-16T18:39:13 IST" skipped="0">
  <testcase classname="com.orangehrm.test.LoginPageTest" name="verifyValidLogin" time="11.958"/>
  <system-out/>
  <testcase classname="com.orangehrm.test.LoginPageTest" name="verifyInvalidLogin" time="9.486"/>
  <system-out/>
</testsuite> <!-- com.orangehrm.test.LoginPageTest -->
